{
  "user": "user-1",
  "Get_bmh_num": 250,
  "Getprize": [
    {
      "Comm_id": 513,
      "log": [
        {
          "Task_id": "1508",
          "info": "已领取过奖励"
        },
        {
          "Task_id": "1507",
          "info": "你还没有抽奖次数哦，快去完成任务获得次数吧~"
        },
        {
          "Task_id": "1506",
          "info": "你还没有抽奖次数哦，快去完成任务获得次数吧~"
        },
        {
          "Task_id": "1505",
          "info": "你还没有抽奖次数哦，快去完成任务获得次数吧~"
        },
        {
          "Task_id": "1504",
          "info": "你还没有抽奖次数哦，快去完成任务获得次数吧~"
        },
        {
          "Task_id": "2537",
          "info": "已领取过奖励"
        },
        {
          "Task_id": "1503",
          "info": "已领取过奖励"
        },
        {
          "Task_id": "1502",
          "info": "已领取过奖励"
        }
      ]
    },
    {
      "Comm_id": 537,
      "log": [
        {
          "Task_id": "1721",
          "info": "已领取过奖励"
        },
        {
          "Task_id": "1720",
          "info": "你还没有抽奖次数哦，快去完成任务获得次数吧~"
        },
        {
          "Task_id": "1719",
          "info": "你还没有抽奖次数哦，快去完成任务获得次数吧~"
        },
        {
          "Task_id": "1718",
          "info": "你还没有抽奖次数哦，快去完成任务获得次数吧~"
        },
        {
          "Task_id": "1717",
          "info": "你还没有抽奖次数哦，快去完成任务获得次数吧~"
        },
        {
          "Task_id": "2534",
          "info": "已领取过奖励"
        },
        {
          "Task_id": "1716",
          "info": "已领取过奖励"
        },
        {
          "Task_id": "1715",
          "info": "已领取过奖励"
        }
      ]
    },
    {
      "Comm_id": 538,
      "log": [
        {
          "Task_id": "1728",
          "info": "已领取过奖励"
        },
        {
          "Task_id": "1727",
          "info": "你还没有抽奖次数哦，快去完成任务获得次数吧~"
        },
        {
          "Task_id": "1726",
          "info": "你还没有抽奖次数哦，快去完成任务获得次数吧~"
        },
        {
          "Task_id": "2536",
          "info": "已领取过奖励"
        },
        {
          "Task_id": "1723",
          "info": "已领取过奖励"
        },
        {
          "Task_id": "1722",
          "info": "已领取过奖励"
        }
      ]
    },
    {
      "Comm_id": 543,
      "log": [
        {
          "Task_id": "1775",
          "info": "对不起，该活动已经结束。"
        },
        {
          "Task_id": "1771",
          "info": "对不起，该活动已经结束。"
        },
        {
          "Task_id": "1774",
          "info": "对不起，该活动已经结束。"
        },
        {
          "Task_id": "1773",
          "info": "对不起，该活动已经结束。"
        },
        {
          "Task_id": "1772",
          "info": "对不起，该活动已经结束。"
        },
        {
          "Task_id": "1769",
          "info": "对不起，该活动已经结束。"
        },
        {
          "Task_id": "1768",
          "info": "对不起，该活动已经结束。"
        }
      ]
    },
    {
      "Comm_id": 544,
      "log": [
        {
          "Task_id": "1782",
          "info": "已领取过奖励"
        },
        {
          "Task_id": "2649",
          "info": "你还没有抽奖次数哦，快去完成任务获得次数吧~"
        },
        {
          "Task_id": "1781",
          "info": "你还没有抽奖次数哦，快去完成任务获得次数吧~"
        },
        {
          "Task_id": "1780",
          "info": "你还没有抽奖次数哦，快去完成任务获得次数吧~"
        },
        {
          "Task_id": "1779",
          "info": "你还没有抽奖次数哦，快去完成任务获得次数吧~"
        },
        {
          "Task_id": "2668",
          "info": "你还没有抽奖次数哦，快去完成任务获得次数吧~"
        },
        {
          "Task_id": "1778",
          "info": "你还没有抽奖次数哦，快去完成任务获得次数吧~"
        },
        {
          "Task_id": "2495",
          "info": "已领取过奖励"
        },
        {
          "Task_id": "1777",
          "info": "已领取过奖励"
        },
        {
          "Task_id": "1776",
          "info": "已领取过奖励"
        }
      ]
    },
    {
      "Comm_id": 549,
      "log": [
        {
          "Task_id": "1818",
          "info": "已领取过奖励"
        },
        {
          "Task_id": "1817",
          "info": "你还没有抽奖次数哦，快去完成任务获得次数吧~"
        },
        {
          "Task_id": "1816",
          "info": "你还没有抽奖次数哦，快去完成任务获得次数吧~"
        },
        {
          "Task_id": "1815",
          "info": "你还没有抽奖次数哦，快去完成任务获得次数吧~"
        },
        {
          "Task_id": "1814",
          "info": "你还没有抽奖次数哦，快去完成任务获得次数吧~"
        },
        {
          "Task_id": "2485",
          "info": "已领取过奖励"
        },
        {
          "Task_id": "1813",
          "info": "已领取过奖励"
        },
        {
          "Task_id": "1812",
          "info": "已领取过奖励"
        }
      ]
    },
    {
      "Comm_id": 550,
      "log": [
        {
          "Task_id": "1825",
          "info": "已领取过奖励"
        },
        {
          "Task_id": "1824",
          "info": "你还没有抽奖次数哦，快去完成任务获得次数吧~"
        },
        {
          "Task_id": "1823",
          "info": "你还没有抽奖次数哦，快去完成任务获得次数吧~"
        },
        {
          "Task_id": "1821",
          "info": "你还没有抽奖次数哦，快去完成任务获得次数吧~"
        },
        {
          "Task_id": "1822",
          "info": "你还没有抽奖次数哦，快去完成任务获得次数吧~"
        },
        {
          "Task_id": "2483",
          "info": "已领取过奖励"
        },
        {
          "Task_id": "1820",
          "info": "已领取过奖励"
        },
        {
          "Task_id": "1819",
          "info": "已领取过奖励"
        }
      ]
    },
    {
      "Comm_id": 554,
      "log": [
        {
          "Task_id": "1861",
          "info": "已领取过奖励"
        },
        {
          "Task_id": "1860",
          "info": "你还没有抽奖次数哦，快去完成任务获得次数吧~"
        },
        {
          "Task_id": "1859",
          "info": "你还没有抽奖次数哦，快去完成任务获得次数吧~"
        },
        {
          "Task_id": "1857",
          "info": "你还没有抽奖次数哦，快去完成任务获得次数吧~"
        },
        {
          "Task_id": "2491",
          "info": "已领取过奖励"
        },
        {
          "Task_id": "1856",
          "info": "已领取过奖励"
        },
        {
          "Task_id": "1855",
          "info": "已领取过奖励"
        }
      ]
    },
    {
      "Comm_id": 560,
      "log": [
        {
          "Task_id": "1907",
          "info": "你还没有抽奖次数哦，快去完成任务获得次数吧~"
        },
        {
          "Task_id": "1906",
          "info": "你还没有抽奖次数哦，快去完成任务获得次数吧~"
        },
        {
          "Task_id": "1905",
          "info": "你还没有抽奖次数哦，快去完成任务获得次数吧~"
        },
        {
          "Task_id": "1904",
          "info": "你还没有抽奖次数哦，快去完成任务获得次数吧~"
        },
        {
          "Task_id": "2489",
          "info": "已领取过奖励"
        },
        {
          "Task_id": "1901",
          "info": "已领取过奖励"
        },
        {
          "Task_id": "1900",
          "info": "已领取过奖励"
        }
      ]
    },
    {
      "Comm_id": 564,
      "log": [
        {
          "Task_id": "1944",
          "info": "你还没有抽奖次数哦，快去完成任务获得次数吧~"
        },
        {
          "Task_id": "2008",
          "info": "你还没有抽奖次数哦，快去完成任务获得次数吧~"
        },
        {
          "Task_id": "1941",
          "info": "你还没有抽奖次数哦，快去完成任务获得次数吧~"
        },
        {
          "Task_id": "1943",
          "info": "你还没有抽奖次数哦，快去完成任务获得次数吧~"
        },
        {
          "Task_id": "1942",
          "info": "你还没有抽奖次数哦，快去完成任务获得次数吧~"
        },
        {
          "Task_id": "1940",
          "info": "你还没有抽奖次数哦，快去完成任务获得次数吧~"
        },
        {
          "Task_id": "1939",
          "info": "你还没有抽奖次数哦，快去完成任务获得次数吧~"
        },
        {
          "Task_id": "2488",
          "info": "已领取过奖励"
        },
        {
          "Task_id": "1938",
          "info": "已领取过奖励"
        },
        {
          "Task_id": "1937",
          "info": "已领取过奖励"
        }
      ]
    },
    {
      "Comm_id": 565,
      "log": [
        {
          "Task_id": "1950",
          "info": "你还没有抽奖次数哦，快去完成任务获得次数吧~"
        },
        {
          "Task_id": "1949",
          "info": "你还没有抽奖次数哦，快去完成任务获得次数吧~"
        },
        {
          "Task_id": "1948",
          "info": "你还没有抽奖次数哦，快去完成任务获得次数吧~"
        },
        {
          "Task_id": "1947",
          "info": "你还没有抽奖次数哦，快去完成任务获得次数吧~"
        },
        {
          "Task_id": "2487",
          "info": "已领取过奖励"
        },
        {
          "Task_id": "1946",
          "info": "已领取过奖励"
        },
        {
          "Task_id": "1945",
          "info": "已领取过奖励"
        }
      ]
    },
    {
      "Comm_id": 566,
      "log": [
        {
          "Task_id": "1958",
          "info": "你还没有抽奖次数哦，快去完成任务获得次数吧~"
        },
        {
          "Task_id": "1957",
          "info": "你还没有抽奖次数哦，快去完成任务获得次数吧~"
        },
        {
          "Task_id": "2032",
          "info": "你还没有抽奖次数哦，快去完成任务获得次数吧~"
        },
        {
          "Task_id": "2033",
          "info": "你还没有抽奖次数哦，快去完成任务获得次数吧~"
        },
        {
          "Task_id": "2034",
          "info": "你还没有抽奖次数哦，快去完成任务获得次数吧~"
        },
        {
          "Task_id": "1956",
          "info": "你还没有抽奖次数哦，快去完成任务获得次数吧~"
        },
        {
          "Task_id": "1955",
          "info": "你还没有抽奖次数哦，快去完成任务获得次数吧~"
        },
        {
          "Task_id": "1954",
          "info": "你还没有抽奖次数哦，快去完成任务获得次数吧~"
        },
        {
          "Task_id": "2486",
          "info": "已领取过奖励"
        },
        {
          "Task_id": "1953",
          "info": "已领取过奖励"
        },
        {
          "Task_id": "1952",
          "info": "已领取过奖励"
        }
      ]
    },
    {
      "Comm_id": 571,
      "log": [
        {
          "Task_id": "1999",
          "info": "对不起，该活动已经结束。"
        },
        {
          "Task_id": "2000",
          "info": "对不起，该活动已经结束。"
        },
        {
          "Task_id": "2001",
          "info": "对不起，该活动已经结束。"
        },
        {
          "Task_id": "2019",
          "info": "对不起，该活动已经结束。"
        },
        {
          "Task_id": "2002",
          "info": "对不起，该活动已经结束。"
        },
        {
          "Task_id": "2003",
          "info": "对不起，该活动已经结束。"
        },
        {
          "Task_id": "2004",
          "info": "对不起，该活动已经结束。"
        }
      ]
    },
    {
      "Comm_id": 578,
      "log": [
        {
          "Task_id": "2075",
          "info": "你还没有抽奖次数哦，快去完成任务获得次数吧~"
        },
        {
          "Task_id": "2074",
          "info": "你还没有抽奖次数哦，快去完成任务获得次数吧~"
        },
        {
          "Task_id": "2073",
          "info": "你还没有抽奖次数哦，快去完成任务获得次数吧~"
        },
        {
          "Task_id": "2072",
          "info": "你还没有抽奖次数哦，快去完成任务获得次数吧~"
        },
        {
          "Task_id": "2484",
          "info": "已领取过奖励"
        },
        {
          "Task_id": "2071",
          "info": "已领取过奖励"
        },
        {
          "Task_id": "2070",
          "info": "已领取过奖励"
        }
      ]
    },
    {
      "Comm_id": 579,
      "log": [
        {
          "Task_id": "2093",
          "info": "你还没有抽奖次数哦，快去完成任务获得次数吧~"
        },
        {
          "Task_id": "2092",
          "info": "你还没有抽奖次数哦，快去完成任务获得次数吧~"
        },
        {
          "Task_id": "2091",
          "info": "你还没有抽奖次数哦，快去完成任务获得次数吧~"
        },
        {
          "Task_id": "2089",
          "info": "你还没有抽奖次数哦，快去完成任务获得次数吧~"
        },
        {
          "Task_id": "2088",
          "info": "你还没有抽奖次数哦，快去完成任务获得次数吧~"
        },
        {
          "Task_id": "2500",
          "info": "已领取过奖励"
        },
        {
          "Task_id": "2087",
          "info": "已领取过奖励"
        },
        {
          "Task_id": "2086",
          "info": "已领取过奖励"
        }
      ]
    },
    {
      "Comm_id": 581,
      "log": [
        {
          "Task_id": "2109",
          "info": "对不起，该活动已经结束。"
        },
        {
          "Task_id": "2108",
          "info": "对不起，该活动已经结束。"
        },
        {
          "Task_id": "2107",
          "info": "对不起，该活动已经结束。"
        },
        {
          "Task_id": "2106",
          "info": "对不起，该活动已经结束。"
        },
        {
          "Task_id": "2105",
          "info": "对不起，该活动已经结束。"
        },
        {
          "Task_id": "2102",
          "info": "对不起，该活动已经结束。"
        },
        {
          "Task_id": "2101",
          "info": "对不起，该活动已经结束。"
        }
      ]
    },
    {
      "Comm_id": 582,
      "log": [
        {
          "Task_id": "2116",
          "info": "已领取过奖励"
        },
        {
          "Task_id": "2115",
          "info": "你还没有抽奖次数哦，快去完成任务获得次数吧~"
        },
        {
          "Task_id": "2114",
          "info": "你还没有抽奖次数哦，快去完成任务获得次数吧~"
        },
        {
          "Task_id": "2113",
          "info": "你还没有抽奖次数哦，快去完成任务获得次数吧~"
        },
        {
          "Task_id": "2112",
          "info": "你还没有抽奖次数哦，快去完成任务获得次数吧~"
        },
        {
          "Task_id": "2499",
          "info": "已领取过奖励"
        },
        {
          "Task_id": "2111",
          "info": "已领取过奖励"
        },
        {
          "Task_id": "2110",
          "info": "已领取过奖励"
        }
      ]
    },
    {
      "Comm_id": 585,
      "log": [
        {
          "Task_id": "2146",
          "info": "你还没有抽奖次数哦，快去完成任务获得次数吧~"
        },
        {
          "Task_id": "2145",
          "info": "你还没有抽奖次数哦，快去完成任务获得次数吧~"
        },
        {
          "Task_id": "2144",
          "info": "你还没有抽奖次数哦，快去完成任务获得次数吧~"
        },
        {
          "Task_id": "2143",
          "info": "你还没有抽奖次数哦，快去完成任务获得次数吧~"
        },
        {
          "Task_id": "2142",
          "info": "你还没有抽奖次数哦，快去完成任务获得次数吧~"
        },
        {
          "Task_id": "2498",
          "info": "已领取过奖励"
        },
        {
          "Task_id": "2141",
          "info": "已领取过奖励"
        },
        {
          "Task_id": "2140",
          "info": "已领取过奖励"
        }
      ]
    },
    {
      "Comm_id": 586,
      "log": [
        {
          "Task_id": "2154",
          "info": "已领取过奖励"
        },
        {
          "Task_id": "2153",
          "info": "你还没有抽奖次数哦，快去完成任务获得次数吧~"
        },
        {
          "Task_id": "2152",
          "info": "你还没有抽奖次数哦，快去完成任务获得次数吧~"
        },
        {
          "Task_id": "2151",
          "info": "你还没有抽奖次数哦，快去完成任务获得次数吧~"
        },
        {
          "Task_id": "2150",
          "info": "你还没有抽奖次数哦，快去完成任务获得次数吧~"
        },
        {
          "Task_id": "2494",
          "info": "已领取过奖励"
        },
        {
          "Task_id": "2148",
          "info": "已领取过奖励"
        },
        {
          "Task_id": "2147",
          "info": "已领取过奖励"
        }
      ]
    },
    {
      "Comm_id": 588,
      "log": [
        {
          "Task_id": "2184",
          "info": "你还没有抽奖次数哦，快去完成任务获得次数吧~"
        },
        {
          "Task_id": "2183",
          "info": "你还没有抽奖次数哦，快去完成任务获得次数吧~"
        },
        {
          "Task_id": "2182",
          "info": "你还没有抽奖次数哦，快去完成任务获得次数吧~"
        },
        {
          "Task_id": "2181",
          "info": "你还没有抽奖次数哦，快去完成任务获得次数吧~"
        },
        {
          "Task_id": "2180",
          "info": "你还没有抽奖次数哦，快去完成任务获得次数吧~"
        },
        {
          "Task_id": "2492",
          "info": "已领取过奖励"
        },
        {
          "Task_id": "2179",
          "info": "已领取过奖励"
        },
        {
          "Task_id": "2178",
          "info": "已领取过奖励"
        }
      ]
    },
    {
      "Comm_id": 596,
      "log": [
        {
          "Task_id": "2241",
          "info": "你还没有抽奖次数哦，快去完成任务获得次数吧~"
        },
        {
          "Task_id": "2243",
          "info": "你还没有抽奖次数哦，快去完成任务获得次数吧~"
        },
        {
          "Task_id": "2244",
          "info": "你还没有抽奖次数哦，快去完成任务获得次数吧~"
        },
        {
          "Task_id": "2245",
          "info": "你还没有抽奖次数哦，快去完成任务获得次数吧~"
        },
        {
          "Task_id": "2538",
          "info": "已领取过奖励"
        },
        {
          "Task_id": "2240",
          "info": "已领取过奖励"
        },
        {
          "Task_id": "2239",
          "info": "已领取过奖励"
        }
      ]
    },
    {
      "Comm_id": 597,
      "log": [
        {
          "Task_id": "2255",
          "info": "已领取过奖励"
        },
        {
          "Task_id": "2360",
          "info": "你还没有抽奖次数哦，快去完成任务获得次数吧~"
        },
        {
          "Task_id": "2254",
          "info": "你还没有抽奖次数哦，快去完成任务获得次数吧~"
        },
        {
          "Task_id": "2253",
          "info": "你还没有抽奖次数哦，快去完成任务获得次数吧~"
        },
        {
          "Task_id": "2252",
          "info": "你还没有抽奖次数哦，快去完成任务获得次数吧~"
        },
        {
          "Task_id": "2251",
          "info": "你还没有抽奖次数哦，快去完成任务获得次数吧~"
        },
        {
          "Task_id": "2465",
          "info": "已领取过奖励"
        }
      ]
    },
    {
      "Comm_id": 598,
      "log": [
        {
          "Task_id": "2264",
          "info": "你还没有抽奖次数哦，快去完成任务获得次数吧~"
        },
        {
          "Task_id": "2263",
          "info": "你还没有抽奖次数哦，快去完成任务获得次数吧~"
        },
        {
          "Task_id": "2262",
          "info": "你还没有抽奖次数哦，快去完成任务获得次数吧~"
        },
        {
          "Task_id": "2261",
          "info": "你还没有抽奖次数哦，快去完成任务获得次数吧~"
        },
        {
          "Task_id": "2260",
          "info": "你还没有抽奖次数哦，快去完成任务获得次数吧~"
        },
        {
          "Task_id": "2464",
          "info": "已领取过奖励"
        },
        {
          "Task_id": "2259",
          "info": "已领取过奖励"
        },
        {
          "Task_id": "2258",
          "info": "已领取过奖励"
        }
      ]
    },
    {
      "Comm_id": 599,
      "log": [
        {
          "Task_id": "2271",
          "info": "已领取过奖励"
        },
        {
          "Task_id": "2270",
          "info": "你还没有抽奖次数哦，快去完成任务获得次数吧~"
        },
        {
          "Task_id": "2269",
          "info": "你还没有抽奖次数哦，快去完成任务获得次数吧~"
        },
        {
          "Task_id": "2268",
          "info": "你还没有抽奖次数哦，快去完成任务获得次数吧~"
        },
        {
          "Task_id": "2267",
          "info": "你还没有抽奖次数哦，快去完成任务获得次数吧~"
        },
        {
          "Task_id": "2463",
          "info": "已领取过奖励"
        },
        {
          "Task_id": "2266",
          "info": "已领取过奖励"
        },
        {
          "Task_id": "2265",
          "info": "已领取过奖励"
        }
      ]
    },
    {
      "Comm_id": 600,
      "log": [
        {
          "Task_id": "2278",
          "info": "已领取过奖励"
        },
        {
          "Task_id": "2277",
          "info": "你还没有抽奖次数哦，快去完成任务获得次数吧~"
        },
        {
          "Task_id": "2276",
          "info": "你还没有抽奖次数哦，快去完成任务获得次数吧~"
        },
        {
          "Task_id": "2275",
          "info": "你还没有抽奖次数哦，快去完成任务获得次数吧~"
        },
        {
          "Task_id": "2274",
          "info": "你还没有抽奖次数哦，快去完成任务获得次数吧~"
        },
        {
          "Task_id": "2286",
          "info": "你还没有抽奖次数哦，快去完成任务获得次数吧~"
        },
        {
          "Task_id": "2462",
          "info": "已领取过奖励"
        },
        {
          "Task_id": "2273",
          "info": "已领取过奖励"
        },
        {
          "Task_id": "2272",
          "info": "已领取过奖励"
        }
      ]
    },
    {
      "Comm_id": 602,
      "log": [
        {
          "Task_id": "2294",
          "info": "对不起，该活动已经结束。"
        },
        {
          "Task_id": "2293",
          "info": "对不起，该活动已经结束。"
        },
        {
          "Task_id": "2292",
          "info": "对不起，该活动已经结束。"
        },
        {
          "Task_id": "2291",
          "info": "对不起，该活动已经结束。"
        },
        {
          "Task_id": "2290",
          "info": "对不起，该活动已经结束。"
        },
        {
          "Task_id": "2288",
          "info": "对不起，该活动已经结束。"
        },
        {
          "Task_id": "2287",
          "info": "对不起，该活动已经结束。"
        }
      ]
    },
    {
      "Comm_id": 608,
      "log": [
        {
          "Task_id": "2346",
          "info": "你还没有抽奖次数哦，快去完成任务获得次数吧~"
        },
        {
          "Task_id": "2345",
          "info": "你还没有抽奖次数哦，快去完成任务获得次数吧~"
        },
        {
          "Task_id": "2344",
          "info": "你还没有抽奖次数哦，快去完成任务获得次数吧~"
        },
        {
          "Task_id": "2343",
          "info": "你还没有抽奖次数哦，快去完成任务获得次数吧~"
        },
        {
          "Task_id": "2468",
          "info": "已领取过奖励"
        },
        {
          "Task_id": "2342",
          "info": "已领取过奖励"
        },
        {
          "Task_id": "2341",
          "info": "已领取过奖励"
        }
      ]
    },
    {
      "Comm_id": 609,
      "log": [
        {
          "Task_id": "2358",
          "info": "你还没有抽奖次数哦，快去完成任务获得次数吧~"
        },
        {
          "Task_id": "2361",
          "info": "你还没有抽奖次数哦，快去完成任务获得次数吧~"
        },
        {
          "Task_id": "2353",
          "info": "你还没有抽奖次数哦，快去完成任务获得次数吧~"
        },
        {
          "Task_id": "2357",
          "info": "你还没有抽奖次数哦，快去完成任务获得次数吧~"
        },
        {
          "Task_id": "2356",
          "info": "你还没有抽奖次数哦，快去完成任务获得次数吧~"
        },
        {
          "Task_id": "2354",
          "info": "你还没有抽奖次数哦，快去完成任务获得次数吧~"
        },
        {
          "Task_id": "2467",
          "info": "已领取过奖励"
        },
        {
          "Task_id": "2352",
          "info": "已领取过奖励"
        },
        {
          "Task_id": "2351",
          "info": "已领取过奖励"
        }
      ]
    },
    {
      "Comm_id": 610,
      "log": [
        {
          "Task_id": "2415",
          "info": "你还没有抽奖次数哦，快去完成任务获得次数吧~"
        },
        {
          "Task_id": "2368",
          "info": "你还没有抽奖次数哦，快去完成任务获得次数吧~"
        },
        {
          "Task_id": "2367",
          "info": "你还没有抽奖次数哦，快去完成任务获得次数吧~"
        },
        {
          "Task_id": "2366",
          "info": "你还没有抽奖次数哦，快去完成任务获得次数吧~"
        },
        {
          "Task_id": "2365",
          "info": "你还没有抽奖次数哦，快去完成任务获得次数吧~"
        },
        {
          "Task_id": "2466",
          "info": "已领取过奖励"
        },
        {
          "Task_id": "2364",
          "info": "已领取过奖励"
        },
        {
          "Task_id": "2363",
          "info": "已领取过奖励"
        }
      ]
    },
    {
      "Comm_id": 611,
      "log": [
        {
          "Task_id": "2376",
          "info": "你还没有抽奖次数哦，快去完成任务获得次数吧~"
        },
        {
          "Task_id": "2374",
          "info": "你还没有抽奖次数哦，快去完成任务获得次数吧~"
        },
        {
          "Task_id": "2375",
          "info": "你还没有抽奖次数哦，快去完成任务获得次数吧~"
        },
        {
          "Task_id": "2373",
          "info": "你还没有抽奖次数哦，快去完成任务获得次数吧~"
        },
        {
          "Task_id": "2372",
          "info": "你还没有抽奖次数哦，快去完成任务获得次数吧~"
        },
        {
          "Task_id": "2506",
          "info": "已领取过奖励"
        },
        {
          "Task_id": "2371",
          "info": "已领取过奖励"
        },
        {
          "Task_id": "2370",
          "info": "已领取过奖励"
        }
      ]
    },
    {
      "Comm_id": 613,
      "log": [
        {
          "Task_id": "2399",
          "info": "你还没有抽奖次数哦，快去完成任务获得次数吧~"
        },
        {
          "Task_id": "2400",
          "info": "你还没有抽奖次数哦，快去完成任务获得次数吧~"
        },
        {
          "Task_id": "2397",
          "info": "你还没有抽奖次数哦，快去完成任务获得次数吧~"
        },
        {
          "Task_id": "2504",
          "info": "已领取过奖励"
        },
        {
          "Task_id": "2412",
          "info": "你还没有抽奖次数哦，快去完成任务获得次数吧~"
        },
        {
          "Task_id": "2413",
          "info": "你还没有抽奖次数哦，快去完成任务获得次数吧~"
        },
        {
          "Task_id": "2392",
          "info": "已领取过奖励"
        },
        {
          "Task_id": "2391",
          "info": "已领取过奖励"
        }
      ]
    },
    {
      "Comm_id": 614,
      "log": [
        {
          "Task_id": "2406",
          "info": "你还没有抽奖次数哦，快去完成任务获得次数吧~"
        },
        {
          "Task_id": "2410",
          "info": "你还没有抽奖次数哦，快去完成任务获得次数吧~"
        },
        {
          "Task_id": "2409",
          "info": "你还没有抽奖次数哦，快去完成任务获得次数吧~"
        },
        {
          "Task_id": "2408",
          "info": "你还没有抽奖次数哦，快去完成任务获得次数吧~"
        },
        {
          "Task_id": "2407",
          "info": "你还没有抽奖次数哦，快去完成任务获得次数吧~"
        },
        {
          "Task_id": "2503",
          "info": "已领取过奖励"
        },
        {
          "Task_id": "2405",
          "info": "已领取过奖励"
        },
        {
          "Task_id": "2404",
          "info": "已领取过奖励"
        }
      ]
    },
    {
      "Comm_id": 615,
      "log": [
        {
          "Task_id": "2422",
          "info": "对不起，该活动已经结束。"
        },
        {
          "Task_id": "2425",
          "info": "对不起，该活动已经结束。"
        },
        {
          "Task_id": "2421",
          "info": "对不起，该活动已经结束。"
        },
        {
          "Task_id": "2420",
          "info": "对不起，该活动已经结束。"
        },
        {
          "Task_id": "2418",
          "info": "对不起，该活动已经结束。"
        },
        {
          "Task_id": "2424",
          "info": "对不起，该活动已经结束。"
        },
        {
          "Task_id": "2496",
          "info": "对不起，该活动已经结束。"
        },
        {
          "Task_id": "2417",
          "info": "对不起，该活动已经结束。"
        },
        {
          "Task_id": "2416",
          "info": "对不起，该活动已经结束。"
        },
        {
          "Task_id": "2502",
          "info": "对不起，该活动已经结束。"
        }
      ]
    },
    {
      "Comm_id": 616,
      "log": [
        {
          "Task_id": "2440",
          "info": "对不起，该活动已经结束。"
        },
        {
          "Task_id": "2439",
          "info": "对不起，该活动已经结束。"
        },
        {
          "Task_id": "2438",
          "info": "对不起，该活动已经结束。"
        },
        {
          "Task_id": "2436",
          "info": "对不起，该活动已经结束。"
        },
        {
          "Task_id": "2435",
          "info": "对不起，该活动已经结束。"
        },
        {
          "Task_id": "2433",
          "info": "对不起，该活动已经结束。"
        },
        {
          "Task_id": "2431",
          "info": "对不起，该活动已经结束。"
        },
        {
          "Task_id": "2430",
          "info": "对不起，该活动已经结束。"
        },
        {
          "Task_id": "2437",
          "info": "对不起，该活动已经结束。"
        },
        {
          "Task_id": "2501",
          "info": "对不起，该活动已经结束。"
        },
        {
          "Task_id": "2427",
          "info": "对不起，该活动已经结束。"
        },
        {
          "Task_id": "2426",
          "info": "对不起，该活动已经结束。"
        }
      ]
    },
    {
      "Comm_id": 617,
      "log": [
        {
          "Task_id": "2447",
          "info": "已领取过奖励"
        },
        {
          "Task_id": "2444",
          "info": "你还没有抽奖次数哦，快去完成任务获得次数吧~"
        },
        {
          "Task_id": "2446",
          "info": "你还没有抽奖次数哦，快去完成任务获得次数吧~"
        },
        {
          "Task_id": "2445",
          "info": "你还没有抽奖次数哦，快去完成任务获得次数吧~"
        },
        {
          "Task_id": "2443",
          "info": "你还没有抽奖次数哦，快去完成任务获得次数吧~"
        },
        {
          "Task_id": "2497",
          "info": "已领取过奖励"
        },
        {
          "Task_id": "2442",
          "info": "已领取过奖励"
        },
        {
          "Task_id": "2441",
          "info": "已领取过奖励"
        }
      ]
    },
    {
      "Comm_id": 618,
      "log": [
        {
          "Task_id": "2459",
          "info": "已领取过奖励"
        },
        {
          "Task_id": "2457",
          "info": "你还没有抽奖次数哦，快去完成任务获得次数吧~"
        },
        {
          "Task_id": "2456",
          "info": "你还没有抽奖次数哦，快去完成任务获得次数吧~"
        },
        {
          "Task_id": "2455",
          "info": "你还没有抽奖次数哦，快去完成任务获得次数吧~"
        },
        {
          "Task_id": "2454",
          "info": "你还没有抽奖次数哦，快去完成任务获得次数吧~"
        },
        {
          "Task_id": "2482",
          "info": "你还没有抽奖次数哦，快去完成任务获得次数吧~"
        },
        {
          "Task_id": "2481",
          "info": "已领取过奖励"
        },
        {
          "Task_id": "2453",
          "info": "已领取过奖励"
        },
        {
          "Task_id": "2452",
          "info": "已领取过奖励"
        }
      ]
    },
    {
      "Comm_id": 619,
      "log": [
        {
          "Task_id": "2480",
          "info": "已领取过奖励"
        },
        {
          "Task_id": "2478",
          "info": "你还没有抽奖次数哦，快去完成任务获得次数吧~"
        },
        {
          "Task_id": "2477",
          "info": "你还没有抽奖次数哦，快去完成任务获得次数吧~"
        },
        {
          "Task_id": "2476",
          "info": "你还没有抽奖次数哦，快去完成任务获得次数吧~"
        },
        {
          "Task_id": "2475",
          "info": "你还没有抽奖次数哦，快去完成任务获得次数吧~"
        },
        {
          "Task_id": "2474",
          "info": "已领取过奖励"
        },
        {
          "Task_id": "2561",
          "info": "你还没有抽奖次数哦，快去完成任务获得次数吧~"
        },
        {
          "Task_id": "2473",
          "info": "已领取过奖励"
        },
        {
          "Task_id": "2472",
          "info": "已领取过奖励"
        }
      ]
    },
    {
      "Comm_id": 620,
      "log": [
        {
          "Task_id": "2512",
          "info": "你还没有抽奖次数哦，快去完成任务获得次数吧~"
        },
        {
          "Task_id": "2549",
          "info": "已领取过奖励"
        },
        {
          "Task_id": "2508",
          "info": "已领取过奖励"
        },
        {
          "Task_id": "2507",
          "info": "已领取过奖励"
        }
      ]
    },
    {
      "Comm_id": 621,
      "log": [
        {
          "Task_id": "2552",
          "info": "你还没有抽奖次数哦，快去完成任务获得次数吧~"
        },
        {
          "Task_id": "2550",
          "info": "你还没有抽奖次数哦，快去完成任务获得次数吧~"
        },
        {
          "Task_id": "2517",
          "info": "已领取过奖励"
        },
        {
          "Task_id": "2516",
          "info": "已领取过奖励"
        },
        {
          "Task_id": "2515",
          "info": "已领取过奖励"
        }
      ]
    },
    {
      "Comm_id": 622,
      "log": [
        {
          "Task_id": "2547",
          "info": "已领取过奖励"
        },
        {
          "Task_id": "2528",
          "info": "已领取过奖励"
        },
        {
          "Task_id": "2527",
          "info": "已领取过奖励"
        }
      ]
    },
    {
      "Comm_id": 623,
      "log": [
        {
          "Task_id": "2548",
          "info": "已领取过奖励"
        },
        {
          "Task_id": "2541",
          "info": "已领取过奖励"
        },
        {
          "Task_id": "2540",
          "info": "已领取过奖励"
        }
      ]
    },
    {
      "Comm_id": 624,
      "log": [
        {
          "Task_id": "2585",
          "info": "已领取过奖励"
        },
        {
          "Task_id": "2554",
          "info": "已领取过奖励"
        },
        {
          "Task_id": "2553",
          "info": "已领取过奖励"
        }
      ]
    },
    {
      "Comm_id": 625,
      "log": [
        {
          "Task_id": "2576",
          "info": "已领取过奖励"
        },
        {
          "Task_id": "2564",
          "info": "已领取过奖励"
        },
        {
          "Task_id": "2563",
          "info": "已领取过奖励"
        },
        {
          "Task_id": "2562",
          "info": "已领取过奖励"
        }
      ]
    },
    {
      "Comm_id": 626,
      "log": [
        {
          "Task_id": "2579",
          "info": "已领取过奖励"
        },
        {
          "Task_id": "2578",
          "info": "已领取过奖励"
        },
        {
          "Task_id": "2577",
          "info": "已领取过奖励"
        }
      ]
    },
    {
      "Comm_id": 627,
      "log": [
        {
          "Task_id": "2592",
          "info": "未开封染剂*2",
          "code": "DJi5nxjr0BVWHLUGJK"
        },
        {
          "Task_id": "2588",
          "info": "已领取过奖励"
        },
        {
          "Task_id": "2587",
          "info": "已领取过奖励"
        },
        {
          "Task_id": "2586",
          "info": "已领取过奖励"
        }
      ]
    },
    {
      "Comm_id": 629,
      "log": [
        {
          "Task_id": "2607",
          "info": "已领取过奖励"
        },
        {
          "Task_id": "2606",
          "info": "已领取过奖励"
        },
        {
          "Task_id": "2605",
          "info": "已领取过奖励"
        }
      ]
    },
    {
      "Comm_id": 630,
      "log": [
        {
          "Task_id": "2617",
          "info": "已领取过奖励"
        },
        {
          "Task_id": "2616",
          "info": "已领取过奖励"
        },
        {
          "Task_id": "2615",
          "info": "已领取过奖励"
        }
      ]
    },
    {
      "Comm_id": 632,
      "log": [
        {
          "Task_id": "2639",
          "info": "已领取过奖励"
        },
        {
          "Task_id": "2638",
          "info": "已领取过奖励"
        },
        {
          "Task_id": "2637",
          "info": "已领取过奖励"
        }
      ]
    },
    {
      "Comm_id": 633,
      "log": [
        {
          "Task_id": "2659",
          "info": "你还没有抽奖次数哦，快去完成任务获得次数吧~"
        },
        {
          "Task_id": "2679",
          "info": "你还没有抽奖次数哦，快去完成任务获得次数吧~"
        },
        {
          "Task_id": "2653",
          "info": "已领取过奖励"
        },
        {
          "Task_id": "2652",
          "info": "已领取过奖励"
        },
        {
          "Task_id": "2651",
          "info": "已领取过奖励"
        }
      ]
    },
    {
      "Comm_id": 634,
      "log": [
        {
          "Task_id": "2662",
          "info": "已领取过奖励"
        },
        {
          "Task_id": "2661",
          "info": "已领取过奖励"
        },
        {
          "Task_id": "2660",
          "info": "已领取过奖励"
        }
      ]
    }
  ]
}