{
  "user": "user-2",
  "Get_bmh_num": 632,
  "Getprize": [
    {
      "Comm_id": 513,
      "log": [
        {
          "Task_id": "2537",
          "info": "已领取过奖励"
        },
        {
          "Task_id": "1503",
          "info": "已领取过奖励"
        },
        {
          "Task_id": "1502",
          "info": "已领取过奖励"
        }
      ]
    },
    {
      "Comm_id": 537,
      "log": [
        {
          "Task_id": "2534",
          "info": "已领取过奖励"
        },
        {
          "Task_id": "1716",
          "info": "已领取过奖励"
        },
        {
          "Task_id": "1715",
          "info": "已领取过奖励"
        }
      ]
    },
    {
      "Comm_id": 538,
      "log": [
        {
          "Task_id": "2536",
          "info": "已领取过奖励"
        },
        {
          "Task_id": "1723",
          "info": "已领取过奖励"
        },
        {
          "Task_id": "1722",
          "info": "已领取过奖励"
        }
      ]
    },
    {
      "Comm_id": 543,
      "log": [
        {
          "Task_id": "1775",
          "info": "对不起，该活动已经结束。"
        },
        {
          "Task_id": "1771",
          "info": "对不起，该活动已经结束。"
        },
        {
          "Task_id": "1774",
          "info": "对不起，该活动已经结束。"
        },
        {
          "Task_id": "1773",
          "info": "对不起，该活动已经结束。"
        },
        {
          "Task_id": "1772",
          "info": "对不起，该活动已经结束。"
        },
        {
          "Task_id": "1769",
          "info": "对不起，该活动已经结束。"
        },
        {
          "Task_id": "1768",
          "info": "对不起，该活动已经结束。"
        }
      ]
    },
    {
      "Comm_id": 544,
      "log": [
        {
          "Task_id": "2495",
          "info": "已领取过奖励"
        },
        {
          "Task_id": "1777",
          "info": "已领取过奖励"
        },
        {
          "Task_id": "1776",
          "info": "已领取过奖励"
        }
      ]
    },
    {
      "Comm_id": 549,
      "log": [
        {
          "Task_id": "2485",
          "info": "已领取过奖励"
        },
        {
          "Task_id": "1813",
          "info": "已领取过奖励"
        },
        {
          "Task_id": "1812",
          "info": "已领取过奖励"
        }
      ]
    },
    {
      "Comm_id": 550,
      "log": [
        {
          "Task_id": "2483",
          "info": "已领取过奖励"
        },
        {
          "Task_id": "1820",
          "info": "已领取过奖励"
        },
        {
          "Task_id": "1819",
          "info": "已领取过奖励"
        }
      ]
    },
    {
      "Comm_id": 554,
      "log": [
        {
          "Task_id": "2491",
          "info": "已领取过奖励"
        },
        {
          "Task_id": "1856",
          "info": "已领取过奖励"
        },
        {
          "Task_id": "1855",
          "info": "已领取过奖励"
        }
      ]
    },
    {
      "Comm_id": 560,
      "log": [
        {
          "Task_id": "2489",
          "info": "已领取过奖励"
        },
        {
          "Task_id": "1901",
          "info": "已领取过奖励"
        },
        {
          "Task_id": "1900",
          "info": "已领取过奖励"
        }
      ]
    },
    {
      "Comm_id": 564,
      "log": [
        {
          "Task_id": "2488",
          "info": "已领取过奖励"
        },
        {
          "Task_id": "1938",
          "info": "已领取过奖励"
        },
        {
          "Task_id": "1937",
          "info": "已领取过奖励"
        }
      ]
    },
    {
      "Comm_id": 565,
      "log": [
        {
          "Task_id": "2487",
          "info": "已领取过奖励"
        },
        {
          "Task_id": "1946",
          "info": "已领取过奖励"
        },
        {
          "Task_id": "1945",
          "info": "已领取过奖励"
        }
      ]
    },
    {
      "Comm_id": 566,
      "log": [
        {
          "Task_id": "2486",
          "info": "已领取过奖励"
        },
        {
          "Task_id": "1953",
          "info": "已领取过奖励"
        },
        {
          "Task_id": "1952",
          "info": "已领取过奖励"
        }
      ]
    },
    {
      "Comm_id": 571,
      "log": [
        {
          "Task_id": "1999",
          "info": "对不起，该活动已经结束。"
        },
        {
          "Task_id": "2000",
          "info": "对不起，该活动已经结束。"
        },
        {
          "Task_id": "2001",
          "info": "对不起，该活动已经结束。"
        },
        {
          "Task_id": "2019",
          "info": "对不起，该活动已经结束。"
        },
        {
          "Task_id": "2002",
          "info": "对不起，该活动已经结束。"
        },
        {
          "Task_id": "2003",
          "info": "对不起，该活动已经结束。"
        },
        {
          "Task_id": "2004",
          "info": "对不起，该活动已经结束。"
        }
      ]
    },
    {
      "Comm_id": 578,
      "log": [
        {
          "Task_id": "2076",
          "info": "对不起，该活动已经结束。"
        },
        {
          "Task_id": "2075",
          "info": "对不起，该活动已经结束。"
        },
        {
          "Task_id": "2074",
          "info": "对不起，该活动已经结束。"
        },
        {
          "Task_id": "2073",
          "info": "对不起，该活动已经结束。"
        },
        {
          "Task_id": "2072",
          "info": "对不起，该活动已经结束。"
        },
        {
          "Task_id": "2484",
          "info": "对不起，该活动已经结束。"
        },
        {
          "Task_id": "2071",
          "info": "对不起，该活动已经结束。"
        },
        {
          "Task_id": "2070",
          "info": "对不起，该活动已经结束。"
        }
      ]
    },
    {
      "Comm_id": 579,
      "log": [
        {
          "Task_id": "2093",
          "info": "你还没有抽奖次数哦，快去完成任务获得次数吧~"
        },
        {
          "Task_id": "2500",
          "info": "已领取过奖励"
        },
        {
          "Task_id": "2087",
          "info": "已领取过奖励"
        },
        {
          "Task_id": "2086",
          "info": "已领取过奖励"
        }
      ]
    },
    {
      "Comm_id": 581,
      "log": [
        {
          "Task_id": "2109",
          "info": "对不起，该活动已经结束。"
        },
        {
          "Task_id": "2108",
          "info": "对不起，该活动已经结束。"
        },
        {
          "Task_id": "2107",
          "info": "对不起，该活动已经结束。"
        },
        {
          "Task_id": "2106",
          "info": "对不起，该活动已经结束。"
        },
        {
          "Task_id": "2105",
          "info": "对不起，该活动已经结束。"
        },
        {
          "Task_id": "2102",
          "info": "对不起，该活动已经结束。"
        },
        {
          "Task_id": "2101",
          "info": "对不起，该活动已经结束。"
        }
      ]
    },
    {
      "Comm_id": 582,
      "log": [
        {
          "Task_id": "2499",
          "info": "已领取过奖励"
        },
        {
          "Task_id": "2111",
          "info": "已领取过奖励"
        },
        {
          "Task_id": "2110",
          "info": "已领取过奖励"
        }
      ]
    },
    {
      "Comm_id": 585,
      "log": [
        {
          "Task_id": "2146",
          "info": "你还没有抽奖次数哦，快去完成任务获得次数吧~"
        },
        {
          "Task_id": "2498",
          "info": "已领取过奖励"
        },
        {
          "Task_id": "2141",
          "info": "已领取过奖励"
        },
        {
          "Task_id": "2140",
          "info": "已领取过奖励"
        }
      ]
    },
    {
      "Comm_id": 586,
      "log": [
        {
          "Task_id": "2494",
          "info": "已领取过奖励"
        },
        {
          "Task_id": "2148",
          "info": "已领取过奖励"
        },
        {
          "Task_id": "2147",
          "info": "已领取过奖励"
        }
      ]
    },
    {
      "Comm_id": 588,
      "log": [
        {
          "Task_id": "2184",
          "info": "你还没有抽奖次数哦，快去完成任务获得次数吧~"
        },
        {
          "Task_id": "2492",
          "info": "已领取过奖励"
        },
        {
          "Task_id": "2179",
          "info": "已领取过奖励"
        },
        {
          "Task_id": "2178",
          "info": "已领取过奖励"
        }
      ]
    },
    {
      "Comm_id": 596,
      "log": [
        {
          "Task_id": "2538",
          "info": "已领取过奖励"
        },
        {
          "Task_id": "2240",
          "info": "已领取过奖励"
        },
        {
          "Task_id": "2239",
          "info": "已领取过奖励"
        }
      ]
    },
    {
      "Comm_id": 597,
      "log": [
        {
          "Task_id": "2465",
          "info": "已领取过奖励"
        }
      ]
    },
    {
      "Comm_id": 598,
      "log": [
        {
          "Task_id": "2264",
          "info": "你还没有抽奖次数哦，快去完成任务获得次数吧~"
        },
        {
          "Task_id": "2464",
          "info": "已领取过奖励"
        },
        {
          "Task_id": "2259",
          "info": "已领取过奖励"
        },
        {
          "Task_id": "2258",
          "info": "已领取过奖励"
        }
      ]
    },
    {
      "Comm_id": 599,
      "log": [
        {
          "Task_id": "2463",
          "info": "已领取过奖励"
        },
        {
          "Task_id": "2266",
          "info": "已领取过奖励"
        },
        {
          "Task_id": "2265",
          "info": "已领取过奖励"
        }
      ]
    },
    {
      "Comm_id": 600,
      "log": [
        {
          "Task_id": "2462",
          "info": "已领取过奖励"
        },
        {
          "Task_id": "2273",
          "info": "已领取过奖励"
        },
        {
          "Task_id": "2272",
          "info": "已领取过奖励"
        }
      ]
    },
    {
      "Comm_id": 602,
      "log": [
        {
          "Task_id": "2294",
          "info": "对不起，该活动已经结束。"
        },
        {
          "Task_id": "2293",
          "info": "对不起，该活动已经结束。"
        },
        {
          "Task_id": "2292",
          "info": "对不起，该活动已经结束。"
        },
        {
          "Task_id": "2291",
          "info": "对不起，该活动已经结束。"
        },
        {
          "Task_id": "2290",
          "info": "对不起，该活动已经结束。"
        },
        {
          "Task_id": "2288",
          "info": "对不起，该活动已经结束。"
        },
        {
          "Task_id": "2287",
          "info": "对不起，该活动已经结束。"
        }
      ]
    },
    {
      "Comm_id": 608,
      "log": [
        {
          "Task_id": "2347",
          "info": "对不起，该活动已经结束。"
        },
        {
          "Task_id": "2346",
          "info": "对不起，该活动已经结束。"
        },
        {
          "Task_id": "2345",
          "info": "对不起，该活动已经结束。"
        },
        {
          "Task_id": "2344",
          "info": "对不起，该活动已经结束。"
        },
        {
          "Task_id": "2343",
          "info": "对不起，该活动已经结束。"
        },
        {
          "Task_id": "2468",
          "info": "对不起，该活动已经结束。"
        },
        {
          "Task_id": "2342",
          "info": "对不起，该活动已经结束。"
        },
        {
          "Task_id": "2341",
          "info": "对不起，该活动已经结束。"
        }
      ]
    },
    {
      "Comm_id": 609,
      "log": [
        {
          "Task_id": "2467",
          "info": "已领取过奖励"
        },
        {
          "Task_id": "2352",
          "info": "已领取过奖励"
        },
        {
          "Task_id": "2351",
          "info": "已领取过奖励"
        }
      ]
    },
    {
      "Comm_id": 610,
      "log": [
        {
          "Task_id": "2369",
          "info": "对不起，该活动已经结束。"
        },
        {
          "Task_id": "2415",
          "info": "对不起，该活动已经结束。"
        },
        {
          "Task_id": "2368",
          "info": "对不起，该活动已经结束。"
        },
        {
          "Task_id": "2367",
          "info": "对不起，该活动已经结束。"
        },
        {
          "Task_id": "2366",
          "info": "对不起，该活动已经结束。"
        },
        {
          "Task_id": "2365",
          "info": "对不起，该活动已经结束。"
        },
        {
          "Task_id": "2466",
          "info": "对不起，该活动已经结束。"
        },
        {
          "Task_id": "2364",
          "info": "对不起，该活动已经结束。"
        },
        {
          "Task_id": "2363",
          "info": "对不起，该活动已经结束。"
        }
      ]
    },
    {
      "Comm_id": 611,
      "log": [
        {
          "Task_id": "2506",
          "info": "已领取过奖励"
        },
        {
          "Task_id": "2371",
          "info": "已领取过奖励"
        },
        {
          "Task_id": "2370",
          "info": "已领取过奖励"
        }
      ]
    },
    {
      "Comm_id": 613,
      "log": [
        {
          "Task_id": "2504",
          "info": "已领取过奖励"
        },
        {
          "Task_id": "2413",
          "info": "你还没有抽奖次数哦，快去完成任务获得次数吧~"
        },
        {
          "Task_id": "2392",
          "info": "已领取过奖励"
        },
        {
          "Task_id": "2391",
          "info": "已领取过奖励"
        }
      ]
    },
    {
      "Comm_id": 614,
      "log": [
        {
          "Task_id": "2411",
          "info": "对不起，该活动已经结束。"
        },
        {
          "Task_id": "2406",
          "info": "对不起，该活动已经结束。"
        },
        {
          "Task_id": "2410",
          "info": "对不起，该活动已经结束。"
        },
        {
          "Task_id": "2409",
          "info": "对不起，该活动已经结束。"
        },
        {
          "Task_id": "2408",
          "info": "对不起，该活动已经结束。"
        },
        {
          "Task_id": "2407",
          "info": "对不起，该活动已经结束。"
        },
        {
          "Task_id": "2503",
          "info": "对不起，该活动已经结束。"
        },
        {
          "Task_id": "2405",
          "info": "对不起，该活动已经结束。"
        },
        {
          "Task_id": "2404",
          "info": "对不起，该活动已经结束。"
        }
      ]
    },
    {
      "Comm_id": 615,
      "log": [
        {
          "Task_id": "2422",
          "info": "对不起，该活动已经结束。"
        },
        {
          "Task_id": "2425",
          "info": "对不起，该活动已经结束。"
        },
        {
          "Task_id": "2421",
          "info": "对不起，该活动已经结束。"
        },
        {
          "Task_id": "2420",
          "info": "对不起，该活动已经结束。"
        },
        {
          "Task_id": "2418",
          "info": "对不起，该活动已经结束。"
        },
        {
          "Task_id": "2424",
          "info": "对不起，该活动已经结束。"
        },
        {
          "Task_id": "2496",
          "info": "对不起，该活动已经结束。"
        },
        {
          "Task_id": "2417",
          "info": "对不起，该活动已经结束。"
        },
        {
          "Task_id": "2416",
          "info": "对不起，该活动已经结束。"
        },
        {
          "Task_id": "2502",
          "info": "对不起，该活动已经结束。"
        }
      ]
    },
    {
      "Comm_id": 616,
      "log": [
        {
          "Task_id": "2440",
          "info": "对不起，该活动已经结束。"
        },
        {
          "Task_id": "2439",
          "info": "对不起，该活动已经结束。"
        },
        {
          "Task_id": "2438",
          "info": "对不起，该活动已经结束。"
        },
        {
          "Task_id": "2436",
          "info": "对不起，该活动已经结束。"
        },
        {
          "Task_id": "2435",
          "info": "对不起，该活动已经结束。"
        },
        {
          "Task_id": "2433",
          "info": "对不起，该活动已经结束。"
        },
        {
          "Task_id": "2431",
          "info": "对不起，该活动已经结束。"
        },
        {
          "Task_id": "2430",
          "info": "对不起，该活动已经结束。"
        },
        {
          "Task_id": "2437",
          "info": "对不起，该活动已经结束。"
        },
        {
          "Task_id": "2501",
          "info": "对不起，该活动已经结束。"
        },
        {
          "Task_id": "2427",
          "info": "对不起，该活动已经结束。"
        },
        {
          "Task_id": "2426",
          "info": "对不起，该活动已经结束。"
        }
      ]
    },
    {
      "Comm_id": 617,
      "log": [
        {
          "Task_id": "2497",
          "info": "已领取过奖励"
        },
        {
          "Task_id": "2442",
          "info": "已领取过奖励"
        },
        {
          "Task_id": "2441",
          "info": "已领取过奖励"
        }
      ]
    },
    {
      "Comm_id": 618,
      "log": [
        {
          "Task_id": "2482",
          "info": "你还没有抽奖次数哦，快去完成任务获得次数吧~"
        },
        {
          "Task_id": "2481",
          "info": "已领取过奖励"
        },
        {
          "Task_id": "2453",
          "info": "已领取过奖励"
        },
        {
          "Task_id": "2452",
          "info": "已领取过奖励"
        }
      ]
    },
    {
      "Comm_id": 619,
      "log": [
        {
          "Task_id": "2474",
          "info": "已领取过奖励"
        },
        {
          "Task_id": "2561",
          "info": "你还没有抽奖次数哦，快去完成任务获得次数吧~"
        },
        {
          "Task_id": "2473",
          "info": "已领取过奖励"
        },
        {
          "Task_id": "2472",
          "info": "已领取过奖励"
        }
      ]
    },
    {
      "Comm_id": 620,
      "log": [
        {
          "Task_id": "2549",
          "info": "已领取过奖励"
        },
        {
          "Task_id": "2508",
          "info": "已领取过奖励"
        },
        {
          "Task_id": "2507",
          "info": "已领取过奖励"
        }
      ]
    },
    {
      "Comm_id": 621,
      "log": [
        {
          "Task_id": "2552",
          "info": "你还没有抽奖次数哦，快去完成任务获得次数吧~"
        },
        {
          "Task_id": "2550",
          "info": "你还没有抽奖次数哦，快去完成任务获得次数吧~"
        },
        {
          "Task_id": "2517",
          "info": "已领取过奖励"
        },
        {
          "Task_id": "2516",
          "info": "已领取过奖励"
        },
        {
          "Task_id": "2515",
          "info": "已领取过奖励"
        }
      ]
    },
    {
      "Comm_id": 622,
      "log": [
        {
          "Task_id": "2547",
          "info": "已领取过奖励"
        },
        {
          "Task_id": "2528",
          "info": "已领取过奖励"
        },
        {
          "Task_id": "2527",
          "info": "已领取过奖励"
        }
      ]
    },
    {
      "Comm_id": 623,
      "log": [
        {
          "Task_id": "2548",
          "info": "已领取过奖励"
        },
        {
          "Task_id": "2541",
          "info": "已领取过奖励"
        },
        {
          "Task_id": "2540",
          "info": "已领取过奖励"
        }
      ]
    },
    {
      "Comm_id": 624,
      "log": [
        {
          "Task_id": "2585",
          "info": "已领取过奖励"
        },
        {
          "Task_id": "2554",
          "info": "已领取过奖励"
        },
        {
          "Task_id": "2553",
          "info": "已领取过奖励"
        }
      ]
    },
    {
      "Comm_id": 625,
      "log": [
        {
          "Task_id": "2576",
          "info": "已领取过奖励"
        },
        {
          "Task_id": "2564",
          "info": "已领取过奖励"
        },
        {
          "Task_id": "2563",
          "info": "已领取过奖励"
        },
        {
          "Task_id": "2562",
          "info": "已领取过奖励"
        }
      ]
    },
    {
      "Comm_id": 626,
      "log": [
        {
          "Task_id": "2579",
          "info": "已领取过奖励"
        },
        {
          "Task_id": "2578",
          "info": "已领取过奖励"
        },
        {
          "Task_id": "2577",
          "info": "已领取过奖励"
        }
      ]
    },
    {
      "Comm_id": 627,
      "log": [
        {
          "Task_id": "2588",
          "info": "已领取过奖励"
        },
        {
          "Task_id": "2587",
          "info": "已领取过奖励"
        },
        {
          "Task_id": "2586",
          "info": "已领取过奖励"
        }
      ]
    },
    {
      "Comm_id": 629,
      "log": [
        {
          "Task_id": "2607",
          "info": "已领取过奖励"
        },
        {
          "Task_id": "2606",
          "info": "已领取过奖励"
        },
        {
          "Task_id": "2605",
          "info": "已领取过奖励"
        }
      ]
    },
    {
      "Comm_id": 630,
      "log": [
        {
          "Task_id": "2617",
          "info": "已领取过奖励"
        },
        {
          "Task_id": "2616",
          "info": "已领取过奖励"
        },
        {
          "Task_id": "2615",
          "info": "已领取过奖励"
        }
      ]
    },
    {
      "Comm_id": 632,
      "log": [
        {
          "Task_id": "2639",
          "info": "已领取过奖励"
        },
        {
          "Task_id": "2638",
          "info": "已领取过奖励"
        },
        {
          "Task_id": "2637",
          "info": "已领取过奖励"
        }
      ]
    },
    {
      "Comm_id": 633,
      "log": [
        {
          "Task_id": "2659",
          "info": "你还没有抽奖次数哦，快去完成任务获得次数吧~"
        },
        {
          "Task_id": "2679",
          "info": "你还没有抽奖次数哦，快去完成任务获得次数吧~"
        },
        {
          "Task_id": "2653",
          "info": "已领取过奖励"
        },
        {
          "Task_id": "2652",
          "info": "已领取过奖励"
        },
        {
          "Task_id": "2651",
          "info": "已领取过奖励"
        }
      ]
    },
    {
      "Comm_id": 634,
      "log": [
        {
          "Task_id": "2662",
          "info": "已领取过奖励"
        },
        {
          "Task_id": "2661",
          "info": "已领取过奖励"
        },
        {
          "Task_id": "2660",
          "info": "已领取过奖励"
        }
      ]
    }
  ]
}