{
  "user": "user-2",
  "Get_bmh_num": 0,
  "Getprize": [
    {
      "Comm_id": 640,
      "log": []
    },
    {
      "Comm_id": 513,
      "log": []
    },
    {
      "Comm_id": 537,
      "log": []
    },
    {
      "Comm_id": 544,
      "log": []
    },
    {
      "Comm_id": 550,
      "log": []
    },
    {
      "Comm_id": 554,
      "log": []
    },
    {
      "Comm_id": 560,
      "log": []
    },
    {
      "Comm_id": 564,
      "log": []
    },
    {
      "Comm_id": 565,
      "log": [
        {
          "Task_id": "1951",
          "info": "对不起，该活动已经结束。"
        },
        {
          "Task_id": "1950",
          "info": "对不起，该活动已经结束。"
        },
        {
          "Task_id": "1949",
          "info": "对不起，该活动已经结束。"
        },
        {
          "Task_id": "1948",
          "info": "对不起，该活动已经结束。"
        },
        {
          "Task_id": "1947",
          "info": "对不起，该活动已经结束。"
        },
        {
          "Task_id": "2487",
          "info": "对不起，该活动已经结束。"
        },
        {
          "Task_id": "1946",
          "info": "对不起，该活动已经结束。"
        },
        {
          "Task_id": "1945",
          "info": "对不起，该活动已经结束。"
        }
      ]
    },
    {
      "Comm_id": 571,
      "log": [
        {
          "Task_id": "1999",
          "info": "对不起，该活动已经结束。"
        },
        {
          "Task_id": "2000",
          "info": "对不起，该活动已经结束。"
        },
        {
          "Task_id": "2001",
          "info": "对不起，该活动已经结束。"
        },
        {
          "Task_id": "2019",
          "info": "对不起，该活动已经结束。"
        },
        {
          "Task_id": "2002",
          "info": "对不起，该活动已经结束。"
        },
        {
          "Task_id": "2003",
          "info": "对不起，该活动已经结束。"
        },
        {
          "Task_id": "2004",
          "info": "对不起，该活动已经结束。"
        }
      ]
    },
    {
      "Comm_id": 581,
      "log": [
        {
          "Task_id": "2109",
          "info": "对不起，该活动已经结束。"
        },
        {
          "Task_id": "2108",
          "info": "对不起，该活动已经结束。"
        },
        {
          "Task_id": "2107",
          "info": "对不起，该活动已经结束。"
        },
        {
          "Task_id": "2106",
          "info": "对不起，该活动已经结束。"
        },
        {
          "Task_id": "2105",
          "info": "对不起，该活动已经结束。"
        },
        {
          "Task_id": "2102",
          "info": "对不起，该活动已经结束。"
        },
        {
          "Task_id": "2101",
          "info": "对不起，该活动已经结束。"
        }
      ]
    },
    {
      "Comm_id": 582,
      "log": []
    },
    {
      "Comm_id": 585,
      "log": [
        {
          "Task_id": "2146",
          "info": "你还没有抽奖次数哦，快去完成任务获得次数吧~"
        }
      ]
    },
    {
      "Comm_id": 586,
      "log": []
    },
    {
      "Comm_id": 588,
      "log": [
        {
          "Task_id": "2184",
          "info": "你还没有抽奖次数哦，快去完成任务获得次数吧~"
        }
      ]
    },
    {
      "Comm_id": 597,
      "log": []
    },
    {
      "Comm_id": 598,
      "log": [
        {
          "Task_id": "2264",
          "info": "你还没有抽奖次数哦，快去完成任务获得次数吧~"
        }
      ]
    },
    {
      "Comm_id": 599,
      "log": []
    },
    {
      "Comm_id": 600,
      "log": []
    },
    {
      "Comm_id": 602,
      "log": [
        {
          "Task_id": "2294",
          "info": "对不起，该活动已经结束。"
        },
        {
          "Task_id": "2293",
          "info": "对不起，该活动已经结束。"
        },
        {
          "Task_id": "2292",
          "info": "对不起，该活动已经结束。"
        },
        {
          "Task_id": "2291",
          "info": "对不起，该活动已经结束。"
        },
        {
          "Task_id": "2290",
          "info": "对不起，该活动已经结束。"
        },
        {
          "Task_id": "2288",
          "info": "对不起，该活动已经结束。"
        },
        {
          "Task_id": "2287",
          "info": "对不起，该活动已经结束。"
        }
      ]
    },
    {
      "Comm_id": 609,
      "log": []
    },
    {
      "Comm_id": 611,
      "log": []
    },
    {
      "Comm_id": 613,
      "log": [
        {
          "Task_id": "2413",
          "info": "你还没有抽奖次数哦，快去完成任务获得次数吧~"
        }
      ]
    },
    {
      "Comm_id": 616,
      "log": [
        {
          "Task_id": "2440",
          "info": "对不起，该活动已经结束。"
        },
        {
          "Task_id": "2439",
          "info": "对不起，该活动已经结束。"
        },
        {
          "Task_id": "2438",
          "info": "对不起，该活动已经结束。"
        },
        {
          "Task_id": "2436",
          "info": "对不起，该活动已经结束。"
        },
        {
          "Task_id": "2435",
          "info": "对不起，该活动已经结束。"
        },
        {
          "Task_id": "2433",
          "info": "对不起，该活动已经结束。"
        },
        {
          "Task_id": "2431",
          "info": "对不起，该活动已经结束。"
        },
        {
          "Task_id": "2430",
          "info": "对不起，该活动已经结束。"
        },
        {
          "Task_id": "2437",
          "info": "对不起，该活动已经结束。"
        },
        {
          "Task_id": "2501",
          "info": "对不起，该活动已经结束。"
        },
        {
          "Task_id": "2427",
          "info": "对不起，该活动已经结束。"
        },
        {
          "Task_id": "2426",
          "info": "对不起，该活动已经结束。"
        }
      ]
    },
    {
      "Comm_id": 617,
      "log": []
    },
    {
      "Comm_id": 618,
      "log": [
        {
          "Task_id": "2482",
          "info": "你还没有抽奖次数哦，快去完成任务获得次数吧~"
        }
      ]
    },
    {
      "Comm_id": 619,
      "log": [
        {
          "Task_id": "2561",
          "info": "你还没有抽奖次数哦，快去完成任务获得次数吧~"
        }
      ]
    },
    {
      "Comm_id": 620,
      "log": []
    },
    {
      "Comm_id": 621,
      "log": [
        {
          "Task_id": "2728",
          "info": "你还没有抽奖次数哦，快去完成任务获得次数吧~"
        },
        {
          "Task_id": "2552",
          "info": "你还没有抽奖次数哦，快去完成任务获得次数吧~"
        }
      ]
    },
    {
      "Comm_id": 622,
      "log": []
    },
    {
      "Comm_id": 623,
      "log": []
    },
    {
      "Comm_id": 624,
      "log": []
    },
    {
      "Comm_id": 625,
      "log": [
        {
          "Task_id": "2575",
          "info": "对不起，该活动已经结束。"
        },
        {
          "Task_id": "2574",
          "info": "对不起，该活动已经结束。"
        },
        {
          "Task_id": "2573",
          "info": "对不起，该活动已经结束。"
        },
        {
          "Task_id": "2594",
          "info": "对不起，该活动已经结束。"
        },
        {
          "Task_id": "2572",
          "info": "对不起，该活动已经结束。"
        },
        {
          "Task_id": "2571",
          "info": "对不起，该活动已经结束。"
        },
        {
          "Task_id": "2570",
          "info": "对不起，该活动已经结束。"
        },
        {
          "Task_id": "2569",
          "info": "对不起，该活动已经结束。"
        },
        {
          "Task_id": "2568",
          "info": "对不起，该活动已经结束。"
        },
        {
          "Task_id": "2567",
          "info": "对不起，该活动已经结束。"
        },
        {
          "Task_id": "2566",
          "info": "对不起，该活动已经结束。"
        },
        {
          "Task_id": "2576",
          "info": "对不起，该活动已经结束。"
        },
        {
          "Task_id": "2564",
          "info": "对不起，该活动已经结束。"
        },
        {
          "Task_id": "2563",
          "info": "对不起，该活动已经结束。"
        },
        {
          "Task_id": "2562",
          "info": "对不起，该活动已经结束。"
        }
      ]
    },
    {
      "Comm_id": 626,
      "log": []
    },
    {
      "Comm_id": 627,
      "log": []
    },
    {
      "Comm_id": 629,
      "log": []
    },
    {
      "Comm_id": 630,
      "log": []
    },
    {
      "Comm_id": 631,
      "log": []
    },
    {
      "Comm_id": 632,
      "log": []
    },
    {
      "Comm_id": 633,
      "log": [
        {
          "Task_id": "2659",
          "info": "你还没有抽奖次数哦，快去完成任务获得次数吧~"
        },
        {
          "Task_id": "2679",
          "info": "你还没有抽奖次数哦，快去完成任务获得次数吧~"
        }
      ]
    },
    {
      "Comm_id": 634,
      "log": []
    },
    {
      "Comm_id": 636,
      "log": []
    },
    {
      "Comm_id": 637,
      "log": []
    },
    {
      "Comm_id": 638,
      "log": []
    }
  ],
  "Add_Corn_num": 13
}